{
  "RSpec": {
    "coverage": {
      "/Users/dangroze/makers/Week4/bookmark_manager/spec/bookmark_spec.rb": [
        1,
        1,
        null,
        1,
        1,
        1,
        1,
        null,
        1,
        1,
        1,
        1,
        null,
        1,
        1,
        1,
        null,
        null,
        null,
        1,
        1,
        1,
        null,
        1,
        1,
        null,
        null,
        null
      ],
      "/Users/dangroze/makers/Week4/bookmark_manager/spec/features/bookmark_spec.rb": [
        1,
        null,
        1,
        1,
        null,
        1,
        1,
        1,
        null,
        1,
        1,
        null,
        1,
        1,
        1,
        1,
        null,
        null
      ],
      "/Users/dangroze/makers/Week4/bookmark_manager/spec/features/create_bookmark_spec.rb": [
        1,
        1,
        1,
        1,
        1,
        1,
        null,
        1,
        null,
        null
      ],
      "/Users/dangroze/makers/Week4/bookmark_manager/spec/features/index_spec.rb": [
        1,
        1,
        1,
        1,
        null,
        null
      ]
    },
    "timestamp": 1548950682
  }
}
